<?xml version="1.0" encoding="UTF-8"?>
<testsuite xmlns:xsi="http://www.w3.org/2001/XMLSchema-instance" xsi:noNamespaceSchemaLocation="https://maven.apache.org/surefire/maven-surefire-plugin/xsd/surefire-test-report.xsd" name="TestSuite" time="3.184" tests="9" errors="0" skipped="0" failures="7">
  <properties>
    <property name="sun.desktop" value="windows"/>
    <property name="awt.toolkit" value="sun.awt.windows.WToolkit"/>
    <property name="file.encoding.pkg" value="sun.io"/>
    <property name="java.specification.version" value="1.8"/>
    <property name="sun.cpu.isalist" value="amd64"/>
    <property name="sun.jnu.encoding" value="GBK"/>
    <property name="java.class.path" value="D:\IDEcode\jenkins_test\target\test-classes;D:\IDEcode\jenkins_test\target\classes;D:\maven_repository\org\testng\testng\7.0.0\testng-7.0.0.jar;D:\maven_repository\com\beust\jcommander\1.72\jcommander-1.72.jar;D:\maven_repository\io\qameta\allure\allure-testng\2.6.0\allure-testng-2.6.0.jar;D:\maven_repository\io\qameta\allure\allure-descriptions-javadoc\2.6.0\allure-descriptions-javadoc-2.6.0.jar;D:\maven_repository\commons-io\commons-io\2.5\commons-io-2.5.jar;D:\maven_repository\io\qameta\allure\allure-java-commons\2.6.0\allure-java-commons-2.6.0.jar;D:\maven_repository\com\google\guava\guava\19.0\guava-19.0.jar;D:\maven_repository\io\qameta\allure\allure2-model-api\1.0-BETA6\allure2-model-api-1.0-BETA6.jar;D:\maven_repository\io\qameta\allure\allure2-model-pojo\1.0-BETA6\allure2-model-pojo-1.0-BETA6.jar;D:\maven_repository\org\apache\tika\tika-core\1.14\tika-core-1.14.jar;D:\maven_repository\io\qameta\allure\allure2-model-jackson\1.0-BETA6\allure2-model-jackson-1.0-BETA6.jar;D:\maven_repository\com\fasterxml\jackson\core\jackson-databind\2.7.0\jackson-databind-2.7.0.jar;D:\maven_repository\com\fasterxml\jackson\core\jackson-annotations\2.7.0\jackson-annotations-2.7.0.jar;D:\maven_repository\com\fasterxml\jackson\core\jackson-core\2.7.0\jackson-core-2.7.0.jar;D:\maven_repository\com\fasterxml\jackson\module\jackson-module-jaxb-annotations\2.7.0\jackson-module-jaxb-annotations-2.7.0.jar;D:\maven_repository\org\apache\commons\commons-lang3\3.5\commons-lang3-3.5.jar;D:\maven_repository\org\aspectj\aspectjrt\1.8.10\aspectjrt-1.8.10.jar;D:\maven_repository\org\jooq\joor\0.9.6\joor-0.9.6.jar;D:\maven_repository\org\slf4j\slf4j-api\1.7.21\slf4j-api-1.7.21.jar;"/>
    <property name="java.vm.vendor" value="Oracle Corporation"/>
    <property name="sun.arch.data.model" value="64"/>
    <property name="user.variant" value=""/>
    <property name="java.vendor.url" value="http://java.oracle.com/"/>
    <property name="user.timezone" value="Asia/Shanghai"/>
    <property name="java.vm.specification.version" value="1.8"/>
    <property name="os.name" value="Windows 10"/>
    <property name="user.country" value="CN"/>
    <property name="sun.java.launcher" value="SUN_STANDARD"/>
    <property name="sun.boot.library.path" value="C:\Program Files\Java\jdk1.8.0_65\jre\bin"/>
    <property name="sun.java.command" value="C:\Users\tian\AppData\Local\Temp\surefire5201702862626958834\surefirebooter6210058350514357926.jar C:\Users\tian\AppData\Local\Temp\surefire5201702862626958834 2021-09-25T23-28-05_267-jvmRun1 surefire5686400808506733842tmp surefire_04533153838580441517tmp"/>
    <property name="surefire.test.class.path" value="D:\IDEcode\jenkins_test\target\test-classes;D:\IDEcode\jenkins_test\target\classes;D:\maven_repository\org\testng\testng\7.0.0\testng-7.0.0.jar;D:\maven_repository\com\beust\jcommander\1.72\jcommander-1.72.jar;D:\maven_repository\io\qameta\allure\allure-testng\2.6.0\allure-testng-2.6.0.jar;D:\maven_repository\io\qameta\allure\allure-descriptions-javadoc\2.6.0\allure-descriptions-javadoc-2.6.0.jar;D:\maven_repository\commons-io\commons-io\2.5\commons-io-2.5.jar;D:\maven_repository\io\qameta\allure\allure-java-commons\2.6.0\allure-java-commons-2.6.0.jar;D:\maven_repository\com\google\guava\guava\19.0\guava-19.0.jar;D:\maven_repository\io\qameta\allure\allure2-model-api\1.0-BETA6\allure2-model-api-1.0-BETA6.jar;D:\maven_repository\io\qameta\allure\allure2-model-pojo\1.0-BETA6\allure2-model-pojo-1.0-BETA6.jar;D:\maven_repository\org\apache\tika\tika-core\1.14\tika-core-1.14.jar;D:\maven_repository\io\qameta\allure\allure2-model-jackson\1.0-BETA6\allure2-model-jackson-1.0-BETA6.jar;D:\maven_repository\com\fasterxml\jackson\core\jackson-databind\2.7.0\jackson-databind-2.7.0.jar;D:\maven_repository\com\fasterxml\jackson\core\jackson-annotations\2.7.0\jackson-annotations-2.7.0.jar;D:\maven_repository\com\fasterxml\jackson\core\jackson-core\2.7.0\jackson-core-2.7.0.jar;D:\maven_repository\com\fasterxml\jackson\module\jackson-module-jaxb-annotations\2.7.0\jackson-module-jaxb-annotations-2.7.0.jar;D:\maven_repository\org\apache\commons\commons-lang3\3.5\commons-lang3-3.5.jar;D:\maven_repository\org\aspectj\aspectjrt\1.8.10\aspectjrt-1.8.10.jar;D:\maven_repository\org\jooq\joor\0.9.6\joor-0.9.6.jar;D:\maven_repository\org\slf4j\slf4j-api\1.7.21\slf4j-api-1.7.21.jar;"/>
    <property name="sun.cpu.endian" value="little"/>
    <property name="allure.results.directory" value="D:\IDEcode\jenkins_test\target/allure-results"/>
    <property name="user.home" value="C:\Users\tian"/>
    <property name="user.language" value="zh"/>
    <property name="java.specification.vendor" value="Oracle Corporation"/>
    <property name="java.home" value="C:\Program Files\Java\jdk1.8.0_65\jre"/>
    <property name="basedir" value="D:\IDEcode\jenkins_test"/>
    <property name="file.separator" value="\"/>
    <property name="line.separator" value="&#10;"/>
    <property name="java.vm.specification.vendor" value="Oracle Corporation"/>
    <property name="java.specification.name" value="Java Platform API Specification"/>
    <property name="java.awt.graphicsenv" value="sun.awt.Win32GraphicsEnvironment"/>
    <property name="surefire.real.class.path" value="C:\Users\tian\AppData\Local\Temp\surefire5201702862626958834\surefirebooter6210058350514357926.jar;D:\maven_repository/org/aspectj/aspectjweaver/1.9.2/aspectjweaver-1.9.2.jar"/>
    <property name="sun.boot.class.path" value="C:\Program Files\Java\jdk1.8.0_65\jre\lib\resources.jar;C:\Program Files\Java\jdk1.8.0_65\jre\lib\rt.jar;C:\Program Files\Java\jdk1.8.0_65\jre\lib\sunrsasign.jar;C:\Program Files\Java\jdk1.8.0_65\jre\lib\jsse.jar;C:\Program Files\Java\jdk1.8.0_65\jre\lib\jce.jar;C:\Program Files\Java\jdk1.8.0_65\jre\lib\charsets.jar;C:\Program Files\Java\jdk1.8.0_65\jre\lib\jfr.jar;C:\Program Files\Java\jdk1.8.0_65\jre\classes"/>
    <property name="user.script" value=""/>
    <property name="sun.management.compiler" value="HotSpot 64-Bit Tiered Compilers"/>
    <property name="java.runtime.version" value="1.8.0_65-b17"/>
    <property name="user.name" value="tian"/>
    <property name="path.separator" value=";"/>
    <property name="os.version" value="10.0"/>
    <property name="java.endorsed.dirs" value="C:\Program Files\Java\jdk1.8.0_65\jre\lib\endorsed"/>
    <property name="java.runtime.name" value="Java(TM) SE Runtime Environment"/>
    <property name="file.encoding" value="UTF-8"/>
    <property name="java.vm.name" value="Java HotSpot(TM) 64-Bit Server VM"/>
    <property name="localRepository" value="D:\maven_repository"/>
    <property name="java.vendor.url.bug" value="http://bugreport.sun.com/bugreport/"/>
    <property name="java.io.tmpdir" value="C:\Users\tian\AppData\Local\Temp\"/>
    <property name="java.version" value="1.8.0_65"/>
    <property name="user.dir" value="D:\IDEcode\jenkins_test"/>
    <property name="os.arch" value="amd64"/>
    <property name="java.vm.specification.name" value="Java Virtual Machine Specification"/>
    <property name="java.awt.printerjob" value="sun.awt.windows.WPrinterJob"/>
    <property name="sun.os.patch.level" value=""/>
    <property name="java.library.path" value="C:\Program Files\Java\jdk1.8.0_65\jre\bin;C:\WINDOWS\Sun\Java\bin;C:\WINDOWS\system32;C:\WINDOWS;C:\ProgramData\Oracle\Java\javapath;C:\Program Files (x86)\Common Files\NetSarang;C:\Program Files\Python37\Scripts\;C:\Program Files\Python37\;D:\adt-bundle-windows-x86_64-20140702\sdk\tools;D:\adt-bundle-windows-x86_64-20140702\sdk\platform-tools;C:\WINDOWS\system32;C:\WINDOWS;C:\WINDOWS\System32\Wbem;C:\WINDOWS\System32\WindowsPowerShell\v1.0\;C:\WINDOWS\System32\OpenSSH\;D:\install directory\Git\cmd;D:\install directory\bin;C:\Program Files\Java\jdk1.8.0_65\bin;C:\Program Files\Java\jdk1.8.0_65\jre\bin;C:\Program Files\Intel\WiFi\bin\;C:\Program Files\Common Files\Intel\WirelessCommon\;D:\install directory\Appium\node_modules\.bin;c:\users\tian\appdata\roaming\python\python37\Scripts;D:\install directory\apache-maven-3.5.2-bin\apache-maven-3.5.2\bin;D:\install directory\;C:\Users\tian\AppData\Local\Microsoft\WindowsApps;D:\install directory\Fiddler;C:\Users\tian\AppData\Local\Microsoft\WindowsApps;C:\Users\tian\AppData\Roaming\Python\Python37\Scripts;;D:\install directory\IntelliJ IDEA 2021.1.3\bin;;D:\install directory\IntelliJ IDEA Community Edition 2021.1.3\bin;;C:\Users\tian\AppData\Roaming\npm;."/>
    <property name="java.vm.info" value="mixed mode"/>
    <property name="java.vendor" value="Oracle Corporation"/>
    <property name="java.vm.version" value="25.65-b01"/>
    <property name="java.ext.dirs" value="C:\Program Files\Java\jdk1.8.0_65\jre\lib\ext;C:\WINDOWS\Sun\Java\lib\ext"/>
    <property name="sun.io.unicode.encoding" value="UnicodeLittle"/>
    <property name="java.class.version" value="52.0"/>
  </properties>
  <testcase name="loginFailed" classname="com.lemon.LoginTest" time="0.171">
    <failure message="登录失败1" type="java.lang.AssertionError">java.lang.AssertionError: 登录失败1
	at com.lemon.LoginTest.loginFailed(LoginTest.java:42)
</failure>
    <system-err><![CDATA[SLF4J: Failed to load class "org.slf4j.impl.StaticLoggerBinder".
SLF4J: Defaulting to no-operation (NOP) logger implementation
SLF4J: See http://www.slf4j.org/codes.html#StaticLoggerBinder for further details.
]]></system-err>
  </testcase>
  <testcase name="loginFailed2" classname="com.lemon.LoginTest" time="0.002">
    <failure message="登录失败2" type="java.lang.AssertionError">java.lang.AssertionError: 登录失败2
	at com.lemon.LoginTest.loginFailed2(LoginTest.java:47)
</failure>
  </testcase>
  <testcase name="loginFailed3" classname="com.lemon.LoginTest" time="0.002">
    <failure message="登录失败3" type="java.lang.AssertionError">java.lang.AssertionError: 登录失败3
	at com.lemon.LoginTest.loginFailed3(LoginTest.java:52)
</failure>
  </testcase>
  <testcase name="loginSuccess" classname="com.lemon.LoginTest" time="0.003"/>
  <testcase name="test" classname="com.lemon.LoginTest" time="0.004">
    <failure type="java.lang.AssertionError:">java.lang.AssertionError: null
	at com.lemon.LoginTest.test(LoginTest.java:30)
</failure>
  </testcase>
  <testcase name="registerFailed" classname="com.lemon.RegisterTest" time="0.002">
    <failure message="注册失败1" type="java.lang.AssertionError">java.lang.AssertionError: 注册失败1
	at com.lemon.RegisterTest.registerFailed(RegisterTest.java:28)
</failure>
  </testcase>
  <testcase name="registerFailed2" classname="com.lemon.RegisterTest" time="0.002">
    <failure message="注册失败2" type="java.lang.AssertionError">java.lang.AssertionError: 注册失败2
	at com.lemon.RegisterTest.registerFailed2(RegisterTest.java:33)
</failure>
  </testcase>
  <testcase name="registerFailed3" classname="com.lemon.RegisterTest" time="0.003">
    <failure message="注册失败3" type="java.lang.AssertionError">java.lang.AssertionError: 注册失败3
	at com.lemon.RegisterTest.registerFailed3(RegisterTest.java:38)
</failure>
  </testcase>
  <testcase name="registerSuccess" classname="com.lemon.RegisterTest" time="0.001"/>
</testsuite>